<?xml version="1.0" encoding="UTF-8"?>
<testsuite xmlns:xsi="http://www.w3.org/2001/XMLSchema-instance" xsi:noNamespaceSchemaLocation="https://maven.apache.org/surefire/maven-surefire-plugin/xsd/surefire-test-report-3.0.xsd" version="3.0" name="com.management.twitter.TwitterApplicationTests" time="3.53" tests="1" errors="0" skipped="0" failures="0">
  <properties>
[...]
</properties>
  <testcase name="contextLoads" classname="com.management.twitter.TwitterApplicationTests" time="0.43">
    <system-out><![CDATA[21:03:18.140 [main] INFO org.springframework.test.context.support.AnnotationConfigContextLoaderUtils -- Could not detect default configuration classes for test class [com.management.twitter.TwitterApplicationTests]: TwitterApplicationTests does not declare any static, non-private, non-final, nested classes annotated with @Configuration.
21:03:18.210 [main] INFO org.springframework.boot.test.context.SpringBootTestContextBootstrapper -- Found @SpringBootConfiguration com.management.twitter.TwitterApplication for test class com.management.twitter.TwitterApplicationTests

  .   ____          _            __ _ _
 /\\ / ___'_ __ _ _(_)_ __  __ _ \ \ \ \
( ( )\___ | '_ | '_| | '_ \/ _` | \ \ \ \
 \\/  ___)| |_)| | | | | || (_| |  ) ) ) )
  '  |____| .__|_| |_|_| |_\__, | / / / /
 =========|_|==============|___/=/_/_/_/
 :: Spring Boot ::                (v3.2.5)

2024-04-30T21:03:18.464+05:30  INFO 86173 --- [twitter] [           main] c.m.twitter.TwitterApplicationTests      : Starting TwitterApplicationTests using Java 17.0.11 with PID 86173 (started by vaibhavmittal in /Users/vaibhavmittal/Desktop/twitterv2)
2024-04-30T21:03:18.466+05:30  INFO 86173 --- [twitter] [           main] c.m.twitter.TwitterApplicationTests      : No active profile set, falling back to 1 default profile: "default"
2024-04-30T21:03:18.906+05:30  INFO 86173 --- [twitter] [           main] .s.d.r.c.RepositoryConfigurationDelegate : Bootstrapping Spring Data JPA repositories in DEFAULT mode.
2024-04-30T21:03:18.948+05:30  INFO 86173 --- [twitter] [           main] .s.d.r.c.RepositoryConfigurationDelegate : Finished Spring Data repository scanning in 36 ms. Found 3 JPA repository interfaces.
2024-04-30T21:03:19.235+05:30  INFO 86173 --- [twitter] [           main] o.hibernate.jpa.internal.util.LogHelper  : HHH000204: Processing PersistenceUnitInfo [name: default]
2024-04-30T21:03:19.276+05:30  INFO 86173 --- [twitter] [           main] org.hibernate.Version                    : HHH000412: Hibernate ORM core version 6.4.4.Final
2024-04-30T21:03:19.299+05:30  INFO 86173 --- [twitter] [           main] o.h.c.internal.RegionFactoryInitiator    : HHH000026: Second-level cache disabled
2024-04-30T21:03:19.471+05:30  INFO 86173 --- [twitter] [           main] o.s.o.j.p.SpringPersistenceUnitInfo      : No LoadTimeWeaver setup: ignoring JPA class transformer
2024-04-30T21:03:19.490+05:30  INFO 86173 --- [twitter] [           main] com.zaxxer.hikari.HikariDataSource       : HikariPool-1 - Starting...
2024-04-30T21:03:19.633+05:30  INFO 86173 --- [twitter] [           main] com.zaxxer.hikari.pool.HikariPool        : HikariPool-1 - Added connection conn0: url=jdbc:h2:mem:testdb user=SA
2024-04-30T21:03:19.634+05:30  INFO 86173 --- [twitter] [           main] com.zaxxer.hikari.HikariDataSource       : HikariPool-1 - Start completed.
2024-04-30T21:03:19.652+05:30  WARN 86173 --- [twitter] [           main] org.hibernate.orm.deprecation            : HHH90000025: H2Dialect does not need to be specified explicitly using 'hibernate.dialect' (remove the property setting and it will be selected by default)
2024-04-30T21:03:20.310+05:30  INFO 86173 --- [twitter] [           main] o.h.e.t.j.p.i.JtaPlatformInitiator       : HHH000489: No JTA platform available (set 'hibernate.transaction.jta.platform' to enable JTA platform integration)
Hibernate: drop table if exists comment1 cascade 
Hibernate: drop table if exists post cascade 
Hibernate: drop table if exists user1 cascade 
Hibernate: drop sequence if exists post_seq
Hibernate: create sequence post_seq start with 1 increment by 50
Hibernate: create table comment1 (comment_id integer generated by default as identity, post_id integer, user_id integer, created_at timestamp(6), comment_body varchar(255), primary key (comment_id))
Hibernate: create table post (post_id integer not null, userid integer, created_at timestamp(6), post_body varchar(255), primary key (post_id))
Hibernate: create table user1 (id integer generated by default as identity, email varchar(255), name varchar(255), password varchar(255), primary key (id))
Hibernate: alter table if exists comment1 add constraint FKbh8rauxukdnndq949es6nxhtm foreign key (user_id) references user1
Hibernate: alter table if exists comment1 add constraint FKe6g5b9n2kpo55dxxsl600iifg foreign key (post_id) references post
Hibernate: alter table if exists post add constraint FK9e0nfb6epbjedgfxmw5x0w6kf foreign key (userid) references user1
2024-04-30T21:03:20.339+05:30  INFO 86173 --- [twitter] [           main] j.LocalContainerEntityManagerFactoryBean : Initialized JPA EntityManagerFactory for persistence unit 'default'
2024-04-30T21:03:20.534+05:30  INFO 86173 --- [twitter] [           main] o.s.d.j.r.query.QueryEnhancerFactory     : Hibernate is in classpath; If applicable, HQL parser will be used.
2024-04-30T21:03:20.863+05:30  WARN 86173 --- [twitter] [           main] JpaBaseConfiguration$JpaWebConfiguration : spring.jpa.open-in-view is enabled by default. Therefore, database queries may be performed during view rendering. Explicitly configure spring.jpa.open-in-view to disable this warning
2024-04-30T21:03:21.078+05:30  INFO 86173 --- [twitter] [           main] o.s.b.a.h2.H2ConsoleAutoConfiguration    : H2 console available at '/h2-console'. Database available at 'jdbc:h2:mem:testdb'
2024-04-30T21:03:21.112+05:30  INFO 86173 --- [twitter] [           main] c.m.twitter.TwitterApplicationTests      : Started TwitterApplicationTests in 2.803 seconds (process running for 3.414)
]]></system-out>
  </testcase>
</testsuite>